#
# There is insufficient memory for the Java Runtime Environment to continue.
# Native memory allocation (mmap) failed to map 268435456 bytes for G1 virtual space
# Possible reasons:
#   The system is out of physical RAM or swap space
#   The process is running with CompressedOops enabled, and the Java Heap may be blocking the growth of the native heap
# Possible solutions:
#   Reduce memory load on the system
#   Increase physical memory or swap space
#   Check if swap backing store is full
#   Decrease Java heap size (-Xmx/-Xms)
#   Decrease number of Java threads
#   Decrease Java thread stack sizes (-Xss)
#   Set larger code cache with -XX:ReservedCodeCacheSize=
#   JVM is running with Zero Based Compressed Oops mode in which the Java heap is
#     placed in the first 32GB address space. The Java Heap base address is the
#     maximum limit for the native heap growth. Please use -XX:HeapBaseMinAddress
#     to set the Java Heap base and to place the Java Heap above 32GB virtual address.
# This output file may be truncated or incomplete.
#
#  Out of Memory Error (os_windows.cpp:3829), pid=4884, tid=17144
#
# JRE version:  (17.0.8+7) (build )
# Java VM: OpenJDK 64-Bit Server VM (17.0.8+7-b1000.22, mixed mode, sharing, tiered, compressed oops, compressed class ptrs, g1 gc, windows-amd64)
# No core dump will be written. Minidumps are not enabled by default on client versions of Windows
#

---------------  S U M M A R Y ------------

Command Line: git4idea.http.GitAskPassApp Username for 'https://github.com': 

Host: AMD Ryzen 7 3700X 8-Core Processor             , 16 cores, 15G,  Windows 10 , 64 bit Build 19041 (10.0.19041.5072)
Time: Wed Dec 11 15:03:27 2024 RTZ 2 (s 10 , 64 bit Build 19041 (10.0.19041.5072) elapsed time: 0.021600 seconds (0d 0h 0m 0s)

---------------  T H R E A D  ---------------

Current thread (0x000001c098924530):  JavaThread "Unknown thread" [_thread_in_vm, id=17144, stack(0x000000792e300000,0x000000792e400000)]

Stack: [0x000000792e300000,0x000000792e400000]
Native frames: (J=compiled Java code, j=interpreted, Vv=VM code, C=native code)
V  [jvm.dll+0x6852da]
V  [jvm.dll+0x844c84]
V  [jvm.dll+0x84659e]
V  [jvm.dll+0x846c03]
V  [jvm.dll+0x24b7cf]
V  [jvm.dll+0x682049]
V  [jvm.dll+0x67671a]
V  [jvm.dll+0x30be2b]
V  [jvm.dll+0x3132d6]
V  [jvm.dll+0x36302e]
V  [jvm.dll+0x36325f]
V  [jvm.dll+0x2e1f48]
V  [jvm.dll+0x2e2eb4]
V  [jvm.dll+0x815c11]
V  [jvm.dll+0x370df1]
V  [jvm.dll+0x7f4fdc]
V  [jvm.dll+0x3f3f1f]
V  [jvm.dll+0x3f5b31]
C  [jli.dll+0x528f]
C  [ucrtbase.dll+0x21bb2]
C  [KERNEL32.DLL+0x17374]
C  [ntdll.dll+0x4cc91]


---------------  P R O C E S S  ---------------

Threads class SMR info:
_java_thread_list=0x00007ffa19990098, length=0, elements={
}

Java Threads: ( => current thread )

Other Threads:
  0x000001c09898f500 GCTaskThread "GC Thread#0" [stack: 0x000000792e400000,0x000000792e500000] [id=14956]
  0x000001c0989a0390 ConcurrentGCThread "G1 Main Marker" [stack: 0x000000792e500000,0x000000792e600000] [id=12624]
  0x000001c0989a1db0 ConcurrentGCThread "G1 Conc#0" [stack: 0x000000792e600000,0x000000792e700000] [id=5788]

[error occurred during error reporting (printing all threads), id 0xc0000005, EXCEPTION_ACCESS_VIOLATION (0xc0000005) at pc=0x00007ffa19142ab7]

VM state: not at safepoint (not fully initialized)

VM Mutex/Monitor currently owned by a thread:  ([mutex/lock_event])
[0x000001c09891f250] Heap_lock - owner thread: 0x000001c098924530

Heap address: 0x0000000700c00000, size: 4084 MB, Compressed Oops mode: Zero based, Oop shift amount: 3

CDS archive(s) mapped at: [0x0000000000000000-0x0000000000000000-0x0000000000000000), size 0, SharedBaseAddress: 0x0000000800000000, ArchiveRelocationMode: 1.
Narrow klass base: 0x0000000000000000, Narrow klass shift: 0, Narrow klass range: 0x0

GC Precious Log:
<Empty>

Heap:
 garbage-first heap   total 0K, used 0K [0x0000000700c00000, 0x0000000800000000)
  region size 2048K, 0 young (0K), 0 survivors (0K)
 Metaspace       used 0K, committed 0K, reserved 0K
  class space    used 0K, committed 0K, reserved 0K

Heap Regions: E=young(eden), S=young(survivor), O=old, HS=humongous(starts), HC=humongous(continues), CS=collection set, F=free, OA=open archive, CA=closed archive, TAMS=top-at-mark-start (previous, next)

Card table byte_map: [0x000001c0ac120000,0x000001c0ac920000] _byte_map_base: 0x000001c0a891a000

Marking Bits (Prev, Next): (CMBitMap*) 0x000001c09898fb20, (CMBitMap*) 0x000001c09898fb60
 Prev Bits: [0x000001c0ad120000, 0x000001c0b10f0000)
 Next Bits: [0x000001c0b10f0000, 0x000001c0b50c0000)

GC Heap History (0 events):
No events

Dll operation events (1 events):
Event: 0.012 Loaded shared library C:\Program Files\JetBrains\IntelliJ IDEA Community Edition 2023.2.2\jbr\bin\java.dll

Deoptimization events (0 events):
No events

Classes unloaded (0 events):
No events

Classes redefined (0 events):
No events

Internal exceptions (0 events):
No events

VM Operations (0 events):
No events

Events (0 events):
No events


Dynamic libraries:
0x00007ff772040000 - 0x00007ff77204a000 	C:\Program Files\JetBrains\IntelliJ IDEA Community Edition 2023.2.2\jbr\bin\java.exe
0x00007ffa52bf0000 - 0x00007ffa52de8000 	C:\Windows\SYSTEM32\ntdll.dll
0x00007ffa51650000 - 0x00007ffa51712000 	C:\Windows\System32\KERNEL32.DLL
0x00007ffa50350000 - 0x00007ffa5064e000 	C:\Windows\System32\KERNELBASE.dll
0x00007ffa50b10000 - 0x00007ffa50c10000 	C:\Windows\System32\ucrtbase.dll
0x00007ffa2efc0000 - 0x00007ffa2efd7000 	C:\Program Files\JetBrains\IntelliJ IDEA Community Edition 2023.2.2\jbr\bin\jli.dll
0x00007ffa1d110000 - 0x00007ffa1d12b000 	C:\Program Files\JetBrains\IntelliJ IDEA Community Edition 2023.2.2\jbr\bin\VCRUNTIME140.dll
0x00007ffa50cd0000 - 0x00007ffa50e6d000 	C:\Windows\System32\USER32.dll
0x00007ffa50320000 - 0x00007ffa50342000 	C:\Windows\System32\win32u.dll
0x00007ffa3d3d0000 - 0x00007ffa3d66a000 	C:\Windows\WinSxS\amd64_microsoft.windows.common-controls_6595b64144ccf1df_6.0.19041.4355_none_60b8b9eb71f62e16\COMCTL32.dll
0x00007ffa51e10000 - 0x00007ffa51e3b000 	C:\Windows\System32\GDI32.dll
0x00007ffa506f0000 - 0x00007ffa50807000 	C:\Windows\System32\gdi32full.dll
0x00007ffa50650000 - 0x00007ffa506ed000 	C:\Windows\System32\msvcp_win.dll
0x00007ffa51d60000 - 0x00007ffa51dfe000 	C:\Windows\System32\msvcrt.dll
0x00007ffa51fa0000 - 0x00007ffa51fcf000 	C:\Windows\System32\IMM32.DLL
0x00007ffa3a380000 - 0x00007ffa3a38c000 	C:\Program Files\JetBrains\IntelliJ IDEA Community Edition 2023.2.2\jbr\bin\vcruntime140_1.dll
0x00007ffa19b30000 - 0x00007ffa19bbd000 	C:\Program Files\JetBrains\IntelliJ IDEA Community Edition 2023.2.2\jbr\bin\msvcp140.dll
0x00007ffa18e50000 - 0x00007ffa19ad3000 	C:\Program Files\JetBrains\IntelliJ IDEA Community Edition 2023.2.2\jbr\bin\server\jvm.dll
0x00007ffa50c10000 - 0x00007ffa50cc1000 	C:\Windows\System32\ADVAPI32.dll
0x00007ffa51bf0000 - 0x00007ffa51c8f000 	C:\Windows\System32\sechost.dll
0x00007ffa519b0000 - 0x00007ffa51ad3000 	C:\Windows\System32\RPCRT4.dll
0x00007ffa50ae0000 - 0x00007ffa50b07000 	C:\Windows\System32\bcrypt.dll
0x00007ffa4f7d0000 - 0x00007ffa4f81b000 	C:\Windows\SYSTEM32\POWRPROF.dll
0x00007ffa4cc70000 - 0x00007ffa4cc79000 	C:\Windows\SYSTEM32\WSOCK32.dll
0x00007ffa490d0000 - 0x00007ffa490da000 	C:\Windows\SYSTEM32\VERSION.dll
0x00007ffa46350000 - 0x00007ffa46377000 	C:\Windows\SYSTEM32\WINMM.dll
0x00007ffa51c90000 - 0x00007ffa51cfb000 	C:\Windows\System32\WS2_32.dll
0x00007ffa4f690000 - 0x00007ffa4f6a2000 	C:\Windows\SYSTEM32\UMPDC.dll
0x00007ffa4e130000 - 0x00007ffa4e142000 	C:\Windows\SYSTEM32\kernel.appcore.dll
0x00007ffa4a860000 - 0x00007ffa4a86a000 	C:\Program Files\JetBrains\IntelliJ IDEA Community Edition 2023.2.2\jbr\bin\jimage.dll
0x00007ffa472f0000 - 0x00007ffa474d4000 	C:\Windows\SYSTEM32\DBGHELP.DLL
0x00007ffa3e960000 - 0x00007ffa3e994000 	C:\Windows\SYSTEM32\dbgcore.DLL
0x00007ffa50290000 - 0x00007ffa50312000 	C:\Windows\System32\bcryptPrimitives.dll
0x00007ffa36cd0000 - 0x00007ffa36cf5000 	C:\Program Files\JetBrains\IntelliJ IDEA Community Edition 2023.2.2\jbr\bin\java.dll

dbghelp: loaded successfully - version: 4.0.5 - missing functions: none
symbol engine: initialized successfully - sym options: 0x614 - pdb path: .;C:\Program Files\JetBrains\IntelliJ IDEA Community Edition 2023.2.2\jbr\bin;C:\Windows\SYSTEM32;C:\Windows\WinSxS\amd64_microsoft.windows.common-controls_6595b64144ccf1df_6.0.19041.4355_none_60b8b9eb71f62e16;C:\Program Files\JetBrains\IntelliJ IDEA Community Edition 2023.2.2\jbr\bin\server

VM Arguments:
java_command: git4idea.http.GitAskPassApp Username for 'https://github.com': 
java_class_path (initial): C:/Program Files/JetBrains/IntelliJ IDEA Community Edition 2023.2.2/plugins/vcs-git/lib/git4idea-rt.jar;C:/Program Files/JetBrains/IntelliJ IDEA Community Edition 2023.2.2/lib/externalProcess-rt.jar
Launcher Type: SUN_STANDARD

[Global flags]
     intx CICompilerCount                          = 12                                        {product} {ergonomic}
     uint ConcGCThreads                            = 3                                         {product} {ergonomic}
     uint G1ConcRefinementThreads                  = 13                                        {product} {ergonomic}
   size_t G1HeapRegionSize                         = 2097152                                   {product} {ergonomic}
    uintx GCDrainStackTargetSize                   = 64                                        {product} {ergonomic}
   size_t InitialHeapSize                          = 268435456                                 {product} {ergonomic}
   size_t MarkStackSize                            = 4194304                                   {product} {ergonomic}
   size_t MaxHeapSize                              = 4282384384                                {product} {ergonomic}
   size_t MinHeapDeltaBytes                        = 2097152                                   {product} {ergonomic}
   size_t MinHeapSize                              = 8388608                                   {product} {ergonomic}
    uintx NonNMethodCodeHeapSize                   = 7602480                                {pd product} {ergonomic}
    uintx NonProfiledCodeHeapSize                  = 122027880                              {pd product} {ergonomic}
    uintx ProfiledCodeHeapSize                     = 122027880                              {pd product} {ergonomic}
    uintx ReservedCodeCacheSize                    = 251658240                              {pd product} {ergonomic}
     bool SegmentedCodeCache                       = true                                      {product} {ergonomic}
   size_t SoftMaxHeapSize                          = 4282384384                             {manageable} {ergonomic}
     bool UseCompressedClassPointers               = true                           {product lp64_product} {ergonomic}
     bool UseCompressedOops                        = true                           {product lp64_product} {ergonomic}
     bool UseG1GC                                  = true                                      {product} {ergonomic}
     bool UseLargePagesIndividualAllocation        = false                                  {pd product} {ergonomic}

Logging:
Log output configuration:
 #0: stdout all=warning uptime,level,tags
 #1: stderr all=off uptime,level,tags

Environment Variables:
JAVA_HOME=C:\Program Files\Java\jdk-20
CLASSPATH=%CLASSPATH%;
PATH=C:\Program Files\Git\mingw64\libexec\git-core;C:\Program Files\Git\mingw64\libexec\git-core;C:\Program Files\Git\mingw64\bin;C:\Program Files\Git\usr\bin;C:\Users\VANA\bin;C:\Program Files\Java\jdk-20\bin;C:\Program Files\Microsoft\jdk-17.0.13.11-hotspot\bin;C:\Program Files\Common Files\Oracle\Java\javapath;C:\Program Files (x86)\NVIDIA Corporation\PhysX\Common;C:\Program Files\Microsoft MPI\Bin;C:\Program Files (x86)\Common Files\Oracle\Java\javapath;C:\Program Files\Microsoft\jdk-11.0.16.101-hotspot\bin;C:\Windows\system32;C:\Windows;C:\Windows\System32\Wbem;C:\Windows\System32\WindowsPowerShell\v1.0;C:\Windows\System32\OpenSSH;C:\Program Files\Microsoft SQL Server\150\Tools\Binn;C:\Program Files\Microsoft SQL Server\Client SDK\ODBC\170\Tools\Binn;C:\Program Files\Git\cmd;C:\Program Files (x86)\Microsoft SQL Server\160\Tools\Binn;C:\Program Files\Microsoft SQL Server\160\Tools\Binn;C:\Program Files\Microsoft SQL Server\160\DTS\Binn;D:\Server\Bin\PHP;C:\ProgramData\ComposerSetup\bin;C:\Program Files\AmneziaWG;C:\Users\VANA\AppData\Local\Android\Sdk\platform-tools;C:\Users\VANA\AppData\Local\Android\Sdk\tools;C:\ProgramData\chocolatey\bin;C:\Program Files\nodejs;D:\labs\Flutter\flutter\bin;C:\Program Files\Git\usr\bin;C:\Users\VANA\AppData\Local\Android\Sdk\platform-tools;C:\Users\VANA\AppData\Local\Android\Sdk\tools;C:\Program Files\Java\jdk-20\bin;C:\Program Files\MySQL\MySQL Shell 8.0\bin;C:\Users\VANA\AppData\Local\Programs\Python\Python311\Scripts;C:\Users\VANA\AppData\Local\Programs\Python\Python311;C:\Users\VANA\AppData\Local\Microsoft\WindowsApps;C:\Program Files\JetBrains\IntelliJ IDEA Community Edition 2023.2.2\bin;C:\Program Files\JetBrains\PhpStorm 2023.3.3\bin;C:\Users\VANA\AppData\Local\Programs\Microsoft VS Code\bin;C:\Users\VANA\AppData\Roaming\Composer\vendor\bin;C:\Users\VANA\AppData\Roaming\npm;C:\Program Files\Git\cmd;C:\Program Files\Git\usr\bin
USERNAME=VANA
DISPLAY=:0.0
LC_ALL=en_US.UTF-8
TERM=xterm-256color
TMPDIR=C:\Users\VANA\AppData\Local\Temp
OS=Windows_NT
PROCESSOR_IDENTIFIER=AMD64 Family 23 Model 113 Stepping 0, AuthenticAMD
TMP=C:\Users\VANA\AppData\Local\Temp
TEMP=C:\Users\VANA\AppData\Local\Temp


JNI global refs:
JNI global refs: 0, weak refs: 0

JNI global refs memory usage: 0, weak refs: 0

OOME stack traces (most recent first):
Classloader memory used:


---------------  S Y S T E M  ---------------

OS:
 Windows 10 , 64 bit Build 19041 (10.0.19041.5072)
OS uptime: 5 days 19:09 hours

CPU: total 16 (initial active 16) (16 cores per cpu, 2 threads per core) family 23 model 113 stepping 0 microcode 0x0, cx8, cmov, fxsr, ht, mmx, 3dnowpref, sse, sse2, sse3, ssse3, sse4a, sse4.1, sse4.2, popcnt, lzcnt, tsc, tscinvbit, avx, avx2, aes, clmul, bmi1, bmi2, adx, sha, fma, vzeroupper, clflush, clflushopt
Processor Information for all 16 processors :
  Max Mhz: 3600, Current Mhz: 3600, Mhz Limit: 3600

Memory: 4k page, system-wide physical 16328M (363M free)
TotalPageFile size 32328M (AvailPageFile size 250M)
current process WorkingSet (physical memory assigned to process): 11M, peak: 11M
current process commit charge ("private bytes"): 70M, peak: 326M

vm_info: OpenJDK 64-Bit Server VM (17.0.8+7-b1000.22) for windows-amd64 JRE (17.0.8+7-b1000.22), built on 2023-09-02 by "builduser" with MS VC++ 16.10 / 16.11 (VS2019)

END.
